Using pre-set license
Built from '2021.1/staging' branch; Version is '2021.1.9f1 (7a790e367ab3) revision 8026382'; Using compiler version '192528614'; Build Type 'Release'
OS: 'Windows 10 Home; OS build 19043.985; Version 2009; 64bit' Language: 'en' Physical Memory: 32445 MB
BatchMode: 1, IsHumanControllingUs: 0, StartBugReporterOnCrash: 0, Is64bit: 1, IsPro: 0

 COMMAND LINE ARGUMENTS:
C:\Program Files\Unity\Hub\Editor\2021.1.9f1\Editor\Unity.exe
-adb2
-batchMode
-noUpm
-name
AssetImportWorker0
-projectPath
C:/Users/tgagn/OneDrive/Desktop/unity/BrickBreaker2
-logFile
Logs/AssetImportWorker0.log
-srvPort
55311
Successfully changed project path to: C:/Users/tgagn/OneDrive/Desktop/unity/BrickBreaker2
C:/Users/tgagn/OneDrive/Desktop/unity/BrickBreaker2
Using Asset Import Pipeline V2.
Refreshing native plugins compatible for Editor in 38.86 ms, found 3 plugins.
Preloading 0 native plugins for Editor in 0.00 ms.
Initialize engine version: 2021.1.9f1 (7a790e367ab3)
[Subsystems] Discovering subsystems at path C:/Program Files/Unity/Hub/Editor/2021.1.9f1/Editor/Data/Resources/UnitySubsystems
[Subsystems] Discovering subsystems at path C:/Users/tgagn/OneDrive/Desktop/unity/BrickBreaker2/Assets
GfxDevice: creating device client; threaded=0; jobified=0
Direct3D:
    Version:  Direct3D 11.0 [level 11.1]
    Renderer: NVIDIA GeForce GTX 1070 (ID=0x1b81)
    Vendor:   NVIDIA
    VRAM:     8088 MB
    Driver:   27.21.14.6647
Initialize mono
Mono path[0] = 'C:/Program Files/Unity/Hub/Editor/2021.1.9f1/Editor/Data/Managed'
Mono path[1] = 'C:/Program Files/Unity/Hub/Editor/2021.1.9f1/Editor/Data/MonoBleedingEdge/lib/mono/unityjit'
Mono config path = 'C:/Program Files/Unity/Hub/Editor/2021.1.9f1/Editor/Data/MonoBleedingEdge/etc'
Using monoOptions --debugger-agent=transport=dt_socket,embedding=1,server=y,suspend=n,address=127.0.0.1:56596
Begin MonoManager ReloadAssembly
Registering precompiled unity dll's ...
Register platform support module: C:/Program Files/Unity/Hub/Editor/2021.1.9f1/Editor/Data/PlaybackEngines/WebGLSupport/UnityEditor.WebGL.Extensions.dll
Register platform support module: C:/Program Files/Unity/Hub/Editor/2021.1.9f1/Editor/Data/PlaybackEngines/WindowsStandaloneSupport/UnityEditor.WindowsStandalone.Extensions.dll
Registered in 0.001666 seconds.
Native extension for WindowsStandalone target not found
Native extension for WebGL target not found
Refreshing native plugins compatible for Editor in 38.04 ms, found 3 plugins.
Preloading 0 native plugins for Editor in 0.00 ms.
Mono: successfully reloaded assembly
- Completed reload, in  1.036 seconds
Domain Reload Profiling:
	ReloadAssembly (1036ms)
		BeginReloadAssembly (40ms)
			ExecutionOrderSort (0ms)
			DisableScriptedObjects (0ms)
			BackupInstance (0ms)
			ReleaseScriptingObjects (0ms)
			CreateAndSetChildDomain (1ms)
		EndReloadAssembly (380ms)
			LoadAssemblies (38ms)
			RebuildTransferFunctionScriptingTraits (0ms)
			SetupTypeCache (163ms)
			ReleaseScriptCaches (0ms)
			RebuildScriptCaches (33ms)
			SetupLoadedEditorAssemblies (147ms)
				LogAssemblyErrors (0ms)
				InitializePlatformSupportModulesInManaged (6ms)
				SetLoadedEditorAssemblies (0ms)
				RefreshPlugins (38ms)
				BeforeProcessingInitializeOnLoad (1ms)
				ProcessInitializeOnLoadAttributes (78ms)
				ProcessInitializeOnLoadMethodAttributes (23ms)
				AfterProcessingInitializeOnLoad (0ms)
				EditorAssembliesLoaded (0ms)
			ExecutionOrderSort2 (0ms)
			AwakeInstancesAfterBackupRestoration (0ms)
Platform modules already initialized, skipping
Registering precompiled user dll's ...
Registered in 0.003021 seconds.
Begin MonoManager ReloadAssembly
Native extension for WindowsStandalone target not found
Native extension for WebGL target not found
Refreshing native plugins compatible for Editor in 37.01 ms, found 3 plugins.
Preloading 0 native plugins for Editor in 0.00 ms.
Mono: successfully reloaded assembly
- Completed reload, in  0.964 seconds
Domain Reload Profiling:
	ReloadAssembly (965ms)
		BeginReloadAssembly (127ms)
			ExecutionOrderSort (0ms)
			DisableScriptedObjects (3ms)
			BackupInstance (0ms)
			ReleaseScriptingObjects (0ms)
			CreateAndSetChildDomain (21ms)
		EndReloadAssembly (787ms)
			LoadAssemblies (68ms)
			RebuildTransferFunctionScriptingTraits (0ms)
			SetupTypeCache (282ms)
			ReleaseScriptCaches (1ms)
			RebuildScriptCaches (41ms)
			SetupLoadedEditorAssemblies (297ms)
				LogAssemblyErrors (0ms)
				InitializePlatformSupportModulesInManaged (5ms)
				SetLoadedEditorAssemblies (0ms)
				RefreshPlugins (37ms)
				BeforeProcessingInitializeOnLoad (52ms)
				ProcessInitializeOnLoadAttributes (186ms)
				ProcessInitializeOnLoadMethodAttributes (12ms)
				AfterProcessingInitializeOnLoad (4ms)
				EditorAssembliesLoaded (0ms)
			ExecutionOrderSort2 (0ms)
			AwakeInstancesAfterBackupRestoration (5ms)
Platform modules already initialized, skipping
========================================================================
Worker process is ready to serve import requests
Launched and connected shader compiler UnityShaderCompiler.exe after 0.04 seconds
Refreshing native plugins compatible for Editor in 0.46 ms, found 3 plugins.
Preloading 0 native plugins for Editor in 0.00 ms.
Unloading 2147 Unused Serialized files (Serialized files now loaded: 0)
System memory in use before: 97.6 MB.
System memory in use after: 97.7 MB.

Unloading 28 unused Assets to reduce memory usage. Loaded Objects now: 2601.
Total: 2.439900 ms (FindLiveObjects: 0.192200 ms CreateObjectMapping: 0.091800 ms MarkObjects: 2.097700 ms  DeleteObjects: 0.056800 ms)

AssetImportParameters requested are different than current active one (requested -> active):
  custom:framework-win-MediaFoundation: 216162199b28c13a410421893ffa2e32 -> 
  custom:video-decoder-ogg-theora: a1e56fd34408186e4bbccfd4996cb3dc -> 
  custom:container-muxer-webm: aa71ff27fc2769a1b78a27578f13a17b -> 
  custom:container-demuxer-webm: 4f35f7cbe854078d1ac9338744f61a02 -> 
  custom:container-demuxer-ogg: 62fdf1f143b41e24485cea50d1cbac27 -> 
  custom:video-encoder-webm-vp8: eb34c28f22e8b96e1ab97ce403110664 -> 
  custom:video-decoder-webm-vp8: 9c59270c3fd7afecdb556c50c9e8de78 -> 
  custom:audio-decoder-ogg-vorbis: bf7c407c2cedff20999df2af8eb42d56 -> 
  custom:audio-encoder-webm-vorbis: bf7c407c2cedff20999df2af8eb42d56 -> 
========================================================================
Received Import Request.
  path: Assets/Scenes
  artifactKey: Guid(9c5cbe6807e065c46af004475346063d) Importer(815301076,1909f56bfc062723c751e8b465ee728b)
Start importing Assets/Scenes using Guid(9c5cbe6807e065c46af004475346063d) Importer(815301076,1909f56bfc062723c751e8b465ee728b)  -> (artifact id: 'a899fe156ef1048f7f0c81163063d771') in 0.008106 seconds 
========================================================================
Received Import Request.
  Time since last request: 1.038210 seconds.
  path: Assets/Scenes/Level 1.unity
  artifactKey: Guid(5aab9192c23caee4bb131a53267f1dfb) Importer(815301076,1909f56bfc062723c751e8b465ee728b)
Start importing Assets/Scenes/Level 1.unity using Guid(5aab9192c23caee4bb131a53267f1dfb) Importer(815301076,1909f56bfc062723c751e8b465ee728b)  -> (artifact id: '9d4dc3dfa56d9e5ac35f87e9f949e7fc') in 0.011501 seconds 
========================================================================
Received Import Request.
  Time since last request: 10.388608 seconds.
  path: Assets/Scenes/Level 1Settings.lighting
  artifactKey: Guid(b769dddb334def3468677b280aa7fc14) Importer(815301076,1909f56bfc062723c751e8b465ee728b)
Start importing Assets/Scenes/Level 1Settings.lighting using Guid(b769dddb334def3468677b280aa7fc14) Importer(815301076,1909f56bfc062723c751e8b465ee728b)  -> (artifact id: '7ecf5f2cf64edade6e1def36ceeb10fe') in 0.017085 seconds 
========================================================================
Received Import Request.
  Time since last request: 50.990468 seconds.
  path: Assets/Sprites/ball3.png
  artifactKey: Guid(925025f7294e5294abb42d8101206d18) Importer(815301076,1909f56bfc062723c751e8b465ee728b)
Start importing Assets/Sprites/ball3.png using Guid(925025f7294e5294abb42d8101206d18) Importer(815301076,1909f56bfc062723c751e8b465ee728b)  -> (artifact id: 'a4b6ff3e54d3a022bc74845e94993a25') in 0.069711 seconds 
========================================================================
Received Import Request.
  Time since last request: 0.000143 seconds.
  path: Assets/Sprites/Blue Rocket Background.jpg
  artifactKey: Guid(622d1d00867237049825072aa2edecee) Importer(815301076,1909f56bfc062723c751e8b465ee728b)
Start importing Assets/Sprites/Blue Rocket Background.jpg using Guid(622d1d00867237049825072aa2edecee) Importer(815301076,1909f56bfc062723c751e8b465ee728b)  -> (artifact id: '24e15280402e88b0227e3df2c2dee641') in 0.017223 seconds 
========================================================================
Received Import Request.
  Time since last request: 0.000139 seconds.
  path: Assets/Sprites/Block Broken 2.png
  artifactKey: Guid(4b0252d207f48b94f8a6e6e30aa784e8) Importer(815301076,1909f56bfc062723c751e8b465ee728b)
Start importing Assets/Sprites/Block Broken 2.png using Guid(4b0252d207f48b94f8a6e6e30aa784e8) Importer(815301076,1909f56bfc062723c751e8b465ee728b)  -> (artifact id: '7bee8b0112a5bb47378b889434cfb08f') in 0.010542 seconds 
========================================================================
Received Import Request.
  Time since last request: 0.000125 seconds.
  path: Assets/Sprites/Block Square.png
  artifactKey: Guid(2d8b90d7dbe486d4a90749b19cf4fbbe) Importer(815301076,1909f56bfc062723c751e8b465ee728b)
Start importing Assets/Sprites/Block Square.png using Guid(2d8b90d7dbe486d4a90749b19cf4fbbe) Importer(815301076,1909f56bfc062723c751e8b465ee728b)  -> (artifact id: 'f88ba9d4a22394e090c0c40c6d0257c0') in 0.009999 seconds 
========================================================================
Received Import Request.
  Time since last request: 0.000132 seconds.
  path: Assets/Sprites/Paddle.png
  artifactKey: Guid(c3a961d8477da9e459f9206631cddcda) Importer(815301076,1909f56bfc062723c751e8b465ee728b)
Start importing Assets/Sprites/Paddle.png using Guid(c3a961d8477da9e459f9206631cddcda) Importer(815301076,1909f56bfc062723c751e8b465ee728b)  -> (artifact id: 'd9564bb85e7bb51a62dbd3b628a353fa') in 0.010327 seconds 
========================================================================
Received Import Request.
  Time since last request: 0.000134 seconds.
  path: Assets/Sprites/Block Broken 1.png
  artifactKey: Guid(7348c2fcad3108f488041fc8cb1324f0) Importer(815301076,1909f56bfc062723c751e8b465ee728b)
Start importing Assets/Sprites/Block Broken 1.png using Guid(7348c2fcad3108f488041fc8cb1324f0) Importer(815301076,1909f56bfc062723c751e8b465ee728b)  -> (artifact id: '815a58ab200505918ac1e02808adb828') in 0.010472 seconds 
AssetImportWorkerClient::OnTransportError - code=2 error=End of file
